<?xml version="1.0" encoding="UTF-8"?>
<testng-results ignored="0" total="1" passed="1" failed="0" skipped="0">
  <reporter-output>
  </reporter-output>
  <suite started-at="2023-06-12T14:26:03 IST" name="Suite" finished-at="2023-06-12T14:26:11 IST" duration-ms="8466">
    <groups>
    </groups>
    <test started-at="2023-06-12T14:26:03 IST" name="Test" finished-at="2023-06-12T14:26:11 IST" duration-ms="8466">
      <class name="testCases.TC_001_AccountRegistrationTest">
        <test-method is-config="true" signature="setup()[pri:0, instance:testCases.TC_001_AccountRegistrationTest@5b7a5baa]" started-at="2023-06-12T14:26:03 IST" name="setup" finished-at="2023-06-12T14:26:07 IST" duration-ms="4450" status="PASS">
          <reporter-output>
          </reporter-output>
        </test-method> <!-- setup -->
        <test-method signature="test_account_Registration()[pri:0, instance:testCases.TC_001_AccountRegistrationTest@5b7a5baa]" started-at="2023-06-12T14:26:07 IST" name="test_account_Registration" finished-at="2023-06-12T14:26:11 IST" duration-ms="3763" status="PASS">
          <reporter-output>
          </reporter-output>
        </test-method> <!-- test_account_Registration -->
        <test-method is-config="true" signature="tearDown()[pri:0, instance:testCases.TC_001_AccountRegistrationTest@5b7a5baa]" started-at="2023-06-12T14:26:11 IST" name="tearDown" finished-at="2023-06-12T14:26:11 IST" duration-ms="207" status="PASS">
          <reporter-output>
          </reporter-output>
        </test-method> <!-- tearDown -->
      </class> <!-- testCases.TC_001_AccountRegistrationTest -->
    </test> <!-- Test -->
  </suite> <!-- Suite -->
</testng-results>
